warning: unused import: `auth::*`
 --> src/middleware/mod.rs:3:9
  |
3 | pub use auth::*;
  |         ^^^^^^^
  |
  = note: `#[warn(unused_imports)]` (part of `#[warn(unused)]`) on by default

warning: unused import: `DateTime`
 --> src/models/user.rs:5:14
  |
5 | use chrono::{DateTime, Utc};
  |              ^^^^^^^^

warning: unused import: `std::collections::HashMap`
 --> src/models/room.rs:6:5
  |
6 | use std::collections::HashMap;
  |     ^^^^^^^^^^^^^^^^^^^^^^^^^

warning: unused import: `http::StatusCode`
 --> src/services/auth.rs:3:5
  |
3 |     http::StatusCode,
  |     ^^^^^^^^^^^^^^^^

warning: unused import: `chrono::Utc`
 --> src/services/cleanup.rs:3:5
  |
3 | use chrono::Utc;
  |     ^^^^^^^^^^^

warning: unused imports: `DynamicImage` and `ImageBuffer`
 --> src/services/image.rs:3:35
  |
3 | use image::{imageops::FilterType, DynamicImage, ImageBuffer, GenericImageView};
  |                                   ^^^^^^^^^^^^  ^^^^^^^^^^^

warning: unused import: `anyhow::anyhow`
 --> src/services/redis.rs:1:5
  |
1 | use anyhow::anyhow;
  |     ^^^^^^^^^^^^^^

warning: variable does not need to be mutable
   --> src/handlers/photo.rs:151:17
    |
151 |             let mut tr: TagResponse = t.into();
    |                 ----^^
    |                 |
    |                 help: remove this `mut`
    |
    = note: `#[warn(unused_mut)]` (part of `#[warn(unused)]`) on by default

warning: unused variable: `quality`
  --> src/services/image.rs:16:5
   |
16 |     quality: u8,
   |     ^^^^^^^ help: if this is intentional, prefix it with an underscore: `_quality`
   |
   = note: `#[warn(unused_variables)]` (part of `#[warn(unused)]`) on by default

warning: `hiphoto-backend` (lib) generated 9 warnings (run `cargo fix --lib -p hiphoto-backend` to apply 8 suggestions)
warning: unused import: `tracing_subscriber::util::SubscriberInitExt`
 --> src/main.rs:8:5
  |
8 | use tracing_subscriber::util::SubscriberInitExt;
  |     ^^^^^^^^^^^^^^^^^^^^^^^^^^^^^^^^^^^^^^^^^^^
  |
  = note: `#[warn(unused_imports)]` (part of `#[warn(unused)]`) on by default

warning: unused import: `auth::*`
 --> src/middleware/mod.rs:3:9
  |
3 | pub use auth::*;
  |         ^^^^^^^

warning: unused import: `jwt::*`
 --> src/utils/mod.rs:3:9
  |
3 | pub use jwt::*;
  |         ^^^^^^

warning: unused import: `services::cleanup`
  --> src/main.rs:21:5
   |
21 | use services::cleanup;
   |     ^^^^^^^^^^^^^^^^^

warning: field `frontend_url` is never read
  --> src/config.rs:14:9
   |
 4 | pub struct Config {
   |            ------ field in this struct
...
14 |     pub frontend_url: String,
   |         ^^^^^^^^^^^^
   |
   = note: `Config` has derived impls for the traits `Clone` and `Debug`, but these are intentionally ignored during dead code analysis
   = note: `#[warn(dead_code)]` (part of `#[warn(unused)]`) on by default

warning: associated function `new` is never used
  --> src/models/user.rs:20:12
   |
19 | impl User {
   | --------- associated function in this implementation
20 |     pub fn new(email: String, password_hash: String) -> Self {
   |            ^^^

warning: field `email` is never read
  --> src/services/auth.rs:18:9
   |
16 | pub struct AuthUser {
   |            -------- field in this struct
17 |     pub user_id: String,
18 |     pub email: String,
   |         ^^^^^
   |
   = note: `AuthUser` has derived impls for the traits `Clone` and `Debug`, but these are intentionally ignored during dead code analysis

warning: function `cleanup_expired_verification_codes` is never used
 --> src/services/cleanup.rs:7:14
  |
7 | pub async fn cleanup_expired_verification_codes(_pool: &SqlitePool) -> anyhow::Result<()> {
  |              ^^^^^^^^^^^^^^^^^^^^^^^^^^^^^^^^^^

warning: function `start_cleanup_task` is never used
  --> src/services/cleanup.rs:14:14
   |
14 | pub async fn start_cleanup_task(_pool: SqlitePool) {
   |              ^^^^^^^^^^^^^^^^^^

warning: function `send_verification_email` is never used
   --> src/services/email.rs:303:14
    |
303 | pub async fn send_verification_email(email: &str, code: &str, config: &Config) -> Result<()> {
    |              ^^^^^^^^^^^^^^^^^^^^^^^

warning: `hiphoto-backend` (bin "hiphoto-backend") generated 18 warnings (8 duplicates) (run `cargo fix --bin "hiphoto-backend"` to apply 4 suggestions)
    Finished `dev` profile [unoptimized + debuginfo] target(s) in 0.14s
warning: the following packages contain code that will be rejected by a future version of Rust: redis v0.24.0
note: to see what the problems were, use the option `--future-incompat-report`, or run `cargo report future-incompatibilities --id 1`
     Running `target/debug/hiphoto-backend`
[2m2026-03-11T01:28:02.651628Z[0m [32m INFO[0m [2mhiphoto_backend[0m[2m:[0m Loaded configuration
[2m2026-03-11T01:28:02.654084Z[0m [32m INFO[0m [2mhiphoto_backend[0m[2m:[0m Database initialized
[2m2026-03-11T01:28:02.655089Z[0m [32m INFO[0m [2mhiphoto_backend[0m[2m:[0m Server running on http://0.0.0.0:8000
