warning: unused import: `auth::*`
 --> src/middleware/mod.rs:3:9
  |
3 | pub use auth::*;
  |         ^^^^^^^
  |
  = note: `#[warn(unused_imports)]` (part of `#[warn(unused)]`) on by default

warning: unused import: `DateTime`
 --> src/models/user.rs:5:14
  |
5 | use chrono::{DateTime, Utc};
  |              ^^^^^^^^

warning: unused import: `std::collections::HashMap`
 --> src/models/room.rs:6:5
  |
6 | use std::collections::HashMap;
  |     ^^^^^^^^^^^^^^^^^^^^^^^^^

warning: unused import: `http::StatusCode`
 --> src/services/auth.rs:3:5
  |
3 |     http::StatusCode,
  |     ^^^^^^^^^^^^^^^^

warning: unused imports: `DynamicImage` and `ImageBuffer`
 --> src/services/image.rs:3:35
  |
3 | use image::{imageops::FilterType, DynamicImage, ImageBuffer, GenericImageView};
  |                                   ^^^^^^^^^^^^  ^^^^^^^^^^^

warning: variable does not need to be mutable
   --> src/handlers/photo.rs:151:17
    |
151 |             let mut tr: TagResponse = t.into();
    |                 ----^^
    |                 |
    |                 help: remove this `mut`
    |
    = note: `#[warn(unused_mut)]` (part of `#[warn(unused)]`) on by default

warning: unused variable: `quality`
  --> src/services/image.rs:16:5
   |
16 |     quality: u8,
   |     ^^^^^^^ help: if this is intentional, prefix it with an underscore: `_quality`
   |
   = note: `#[warn(unused_variables)]` (part of `#[warn(unused)]`) on by default

warning: `hiphoto-backend` (lib) generated 7 warnings (run `cargo fix --lib -p hiphoto-backend` to apply 6 suggestions)
warning: unused import: `tracing_subscriber::util::SubscriberInitExt`
 --> src/main.rs:8:5
  |
8 | use tracing_subscriber::util::SubscriberInitExt;
  |     ^^^^^^^^^^^^^^^^^^^^^^^^^^^^^^^^^^^^^^^^^^^
  |
  = note: `#[warn(unused_imports)]` (part of `#[warn(unused)]`) on by default

warning: unused import: `auth::*`
 --> src/middleware/mod.rs:3:9
  |
3 | pub use auth::*;
  |         ^^^^^^^

warning: unused import: `jwt::*`
 --> src/utils/mod.rs:3:9
  |
3 | pub use jwt::*;
  |         ^^^^^^

warning: field `frontend_url` is never read
  --> src/config.rs:13:9
   |
 4 | pub struct Config {
   |            ------ field in this struct
...
13 |     pub frontend_url: String,
   |         ^^^^^^^^^^^^
   |
   = note: `Config` has derived impls for the traits `Clone` and `Debug`, but these are intentionally ignored during dead code analysis
   = note: `#[warn(dead_code)]` (part of `#[warn(unused)]`) on by default

warning: associated function `new` is never used
  --> src/models/user.rs:20:12
   |
19 | impl User {
   | --------- associated function in this implementation
20 |     pub fn new(email: String, password_hash: String) -> Self {
   |            ^^^

warning: field `email` is never read
  --> src/services/auth.rs:18:9
   |
16 | pub struct AuthUser {
   |            -------- field in this struct
17 |     pub user_id: String,
18 |     pub email: String,
   |         ^^^^^
   |
   = note: `AuthUser` has derived impls for the traits `Clone` and `Debug`, but these are intentionally ignored during dead code analysis

warning: associated function `with_transport` is never used
  --> src/services/email.rs:55:12
   |
27 | impl EmailService {
   | ----------------- associated function in this implementation
...
55 |     pub fn with_transport(config: Config, transport: EmailTransport) -> Self {
   |            ^^^^^^^^^^^^^^

warning: function `send_verification_email` is never used
   --> src/services/email.rs:241:14
    |
241 | pub async fn send_verification_email(
    |              ^^^^^^^^^^^^^^^^^^^^^^^

warning: `hiphoto-backend` (bin "hiphoto-backend") generated 14 warnings (6 duplicates) (run `cargo fix --bin "hiphoto-backend"` to apply 3 suggestions)
    Finished `dev` profile [unoptimized + debuginfo] target(s) in 0.13s
     Running `target/debug/hiphoto-backend`
[2m2026-03-06T06:00:21.137327Z[0m [32m INFO[0m [2mhiphoto_backend[0m[2m:[0m Loaded configuration
[2m2026-03-06T06:00:21.139449Z[0m [32m INFO[0m [2mhiphoto_backend[0m[2m:[0m Database initialized
[2m2026-03-06T06:00:21.140201Z[0m [32m INFO[0m [2mhiphoto_backend[0m[2m:[0m Server running on http://0.0.0.0:8000
[2m2026-03-06T06:00:30.204295Z[0m [32m INFO[0m [2mhiphoto_backend::services::email[0m[2m:[0m Email service initialized with transport: Smtp
[2m2026-03-06T06:00:30.204347Z[0m [32m INFO[0m [2mhiphoto_backend::services::email[0m[2m:[0m Preparing verification email for test8@example.com
[2m2026-03-06T06:00:30.204999Z[0m [32m INFO[0m [2mhiphoto_backend::services::email[0m[2m:[0m Sending verification email via SMTP
[2m2026-03-06T06:00:50.303345Z[0m [33m WARN[0m [2mhiphoto_backend::services::email[0m[2m:[0m SMTP send failed (attempt 1), retrying in 2s: response error: incomplete response
[2m2026-03-06T06:01:12.390019Z[0m [33m WARN[0m [2mhiphoto_backend::services::email[0m[2m:[0m SMTP send failed (attempt 2), retrying in 4s: response error: incomplete response
[2m2026-03-06T06:01:36.483220Z[0m [33m WARN[0m [2mhiphoto_backend::services::email[0m[2m:[0m SMTP send failed, falling back to console mode: 邮件发送失败: Email send failed after 3 attempts: response error: incomplete response
[2m2026-03-06T06:01:36.483312Z[0m [32m INFO[0m [2mhiphoto_backend::services::email[0m[2m:[0m Printing verification email to console (fallback mode)
[EMAIL CONSOLE] =========================================
[EMAIL CONSOLE] Subject: HiPhoto - 邮箱验证码
[EMAIL CONSOLE] Verification Code: 291541
[EMAIL CONSOLE] =========================================
[2m2026-03-06T06:01:36.483402Z[0m [32m INFO[0m [2mhiphoto_backend::services::email[0m[2m:[0m Verification email processed for test8@example.com
[2m2026-03-06T06:02:02.967467Z[0m [32m INFO[0m [2mhiphoto_backend::services::email[0m[2m:[0m Email service initialized with transport: Smtp
[2m2026-03-06T06:02:02.967526Z[0m [32m INFO[0m [2mhiphoto_backend::services::email[0m[2m:[0m Preparing verification email for test9@example.com
[2m2026-03-06T06:02:02.968296Z[0m [32m INFO[0m [2mhiphoto_backend::services::email[0m[2m:[0m Sending verification email via SMTP
[2m2026-03-06T06:02:23.065549Z[0m [33m WARN[0m [2mhiphoto_backend::services::email[0m[2m:[0m SMTP send failed (attempt 1), retrying in 2s: response error: incomplete response
[2m2026-03-06T06:02:45.157895Z[0m [33m WARN[0m [2mhiphoto_backend::services::email[0m[2m:[0m SMTP send failed (attempt 2), retrying in 4s: response error: incomplete response
[2m2026-03-06T06:03:09.246546Z[0m [33m WARN[0m [2mhiphoto_backend::services::email[0m[2m:[0m SMTP send failed, falling back to console mode: 邮件发送失败: Email send failed after 3 attempts: response error: incomplete response
[2m2026-03-06T06:03:09.246629Z[0m [32m INFO[0m [2mhiphoto_backend::services::email[0m[2m:[0m Printing verification email to console (fallback mode)
[EMAIL CONSOLE] =========================================
[EMAIL CONSOLE] Subject: HiPhoto - 邮箱验证码
[EMAIL CONSOLE] Verification Code: 857496
[EMAIL CONSOLE] =========================================
[2m2026-03-06T06:03:09.246700Z[0m [32m INFO[0m [2mhiphoto_backend::services::email[0m[2m:[0m Verification email processed for test9@example.com
[2m2026-03-06T06:03:20.847923Z[0m [32m INFO[0m [2mhiphoto_backend::services::email[0m[2m:[0m Email service initialized with transport: Smtp
[2m2026-03-06T06:03:20.847986Z[0m [32m INFO[0m [2mhiphoto_backend::services::email[0m[2m:[0m Preparing verification email for test9@example.com
[2m2026-03-06T06:03:20.848778Z[0m [32m INFO[0m [2mhiphoto_backend::services::email[0m[2m:[0m Sending verification email via SMTP
[2m2026-03-06T06:03:40.942938Z[0m [33m WARN[0m [2mhiphoto_backend::services::email[0m[2m:[0m SMTP send failed (attempt 1), retrying in 2s: response error: incomplete response
[2m2026-03-06T06:04:03.048660Z[0m [33m WARN[0m [2mhiphoto_backend::services::email[0m[2m:[0m SMTP send failed (attempt 2), retrying in 4s: response error: incomplete response
[2m2026-03-06T06:04:27.158182Z[0m [33m WARN[0m [2mhiphoto_backend::services::email[0m[2m:[0m SMTP send failed, falling back to console mode: 邮件发送失败: Email send failed after 3 attempts: response error: incomplete response
[2m2026-03-06T06:04:27.158343Z[0m [32m INFO[0m [2mhiphoto_backend::services::email[0m[2m:[0m Printing verification email to console (fallback mode)
[EMAIL CONSOLE] =========================================
[EMAIL CONSOLE] Subject: HiPhoto - 邮箱验证码
[EMAIL CONSOLE] Verification Code: 823628
[EMAIL CONSOLE] =========================================
[2m2026-03-06T06:04:27.158516Z[0m [32m INFO[0m [2mhiphoto_backend::services::email[0m[2m:[0m Verification email processed for test9@example.com
